<?xml version="1.0" encoding="UTF-8"?>
<testng-results ignored="0" total="1" passed="1" failed="0" skipped="0">
  <reporter-output>
  </reporter-output>
  <suite started-at="2022-02-28T11:19:52 IST" name="Default suite" finished-at="2022-02-28T11:24:55 IST" duration-ms="302987">
    <groups>
    </groups>
    <test started-at="2022-02-28T11:19:52 IST" name="Default test" finished-at="2022-02-28T11:24:55 IST" duration-ms="302987">
      <class name="flipkartestcases.TestCase2">
        <test-method is-config="true" signature="setup()[pri:0, instance:flipkartestcases.TestCase2@659499f1]" started-at="2022-02-28T11:19:52 IST" name="setup" finished-at="2022-02-28T11:22:40 IST" duration-ms="167714" status="PASS">
          <reporter-output>
          </reporter-output>
        </test-method> <!-- setup -->
        <test-method signature="scenario1()[pri:0, instance:flipkartestcases.TestCase2@659499f1]" started-at="2022-02-28T11:22:40 IST" name="scenario1" finished-at="2022-02-28T11:24:55 IST" duration-ms="135161" status="PASS">
          <reporter-output>
          </reporter-output>
        </test-method> <!-- scenario1 -->
      </class> <!-- flipkartestcases.TestCase2 -->
    </test> <!-- Default test -->
  </suite> <!-- Default suite -->
</testng-results>
